<?xml version="1.0" encoding="UTF-8"?>
<!-- Generated by org.testng.reporters.JUnitReportReporter -->
<testsuite hostname="DESKTOP-3NEG7JR" failures="0" tests="1" name="driverFactory.AppTest" time="102.149" errors="0" timestamp="2023-12-11T10:06:32 IST" skipped="0">
  <testcase classname="driverFactory.AppTest" name="kickStart" time="102.149"/>
</testsuite> <!-- driverFactory.AppTest -->
